<?xml version="1.0" encoding="UTF-8"?>
<!-- Generated by org.testng.reporters.JUnitReportReporter -->
<testsuite hostname="YuviBala" failures="0" tests="1" name="remoteTesting.dockervalidation.chromeTest1" time="21.427" errors="0" timestamp="2022-12-20T17:01:23 IST" skipped="0">
  <testcase classname="remoteTesting.dockervalidation.chromeTest1" name="cTest1" time="21.427"/>
  <system-out/>
</testsuite> <!-- remoteTesting.dockervalidation.chromeTest1 -->
