<?xml version="1.0" encoding="UTF-8"?>
<!-- Generated by org.testng.reporters.JUnitReportReporter -->
<testsuite hostname="YuviBala" failures="0" tests="1" name="remoteTesting.dockervalidation.createBat" time="48.520" errors="0" timestamp="2022-12-20T16:37:23 IST" skipped="0">
  <testcase classname="remoteTesting.dockervalidation.createBat" name="createBat" time="48.520"/>
  <system-out/>
</testsuite> <!-- remoteTesting.dockervalidation.createBat -->
