<?xml version="1.0" encoding="UTF-8"?>
<!-- Generated by org.testng.reporters.JUnitReportReporter -->
<testsuite hostname="YuviBala" failures="0" tests="1" name="remoteTesting.dockervalidation.chromeTest2" time="22.621" errors="0" timestamp="2022-12-20T17:01:23 IST" skipped="0">
  <testcase classname="remoteTesting.dockervalidation.chromeTest2" name="cTest2" time="22.621"/>
  <system-out/>
</testsuite> <!-- remoteTesting.dockervalidation.chromeTest2 -->
