<?xml version="1.0" encoding="UTF-8"?>
<!-- Generated by org.testng.reporters.JUnitReportReporter -->
<testsuite hostname="YuviBala" failures="0" tests="1" name="remoteTesting.dockervalidation.stopBat" time="0.088" errors="0" timestamp="2022-12-20T16:38:18 IST" skipped="0">
  <testcase classname="remoteTesting.dockervalidation.stopBat" name="createBat" time="0.088"/>
  <system-out/>
</testsuite> <!-- remoteTesting.dockervalidation.stopBat -->
