<?xml version="1.0" encoding="UTF-8"?>
<!-- Generated by org.testng.reporters.JUnitReportReporter -->
<testsuite hostname="YuviBala" failures="0" tests="1" name="remoteTesting.dockervalidation.chromeTest3" time="20.790" errors="0" timestamp="2022-12-20T17:01:23 IST" skipped="0">
  <testcase classname="remoteTesting.dockervalidation.chromeTest3" name="cTest3" time="20.790"/>
  <system-out/>
</testsuite> <!-- remoteTesting.dockervalidation.chromeTest3 -->
